<?xml version="1.0" encoding="UTF-8"?>
<!-- Generated by org.testng.reporters.JUnitXMLReporter -->
<testsuite hostname="DESKTOP-RUAD0RO" ignored="3" name="Test" tests="1" failures="0" timestamp="18 Feb 2022 12:00:02 GMT" time="24.07" errors="0">
  <testcase name="validCerdentails" time="3.115" classname="com.hrms.testCases.LoginTestCases"/>
  <testcase name="dataDrivenTest" time="0.0" classname="com.hrms.testCases.LoginTestCases">
    <ignored/>
  </testcase> <!-- dataDrivenTest -->
  <testcase name="inValidUsername" time="0.0" classname="com.hrms.testCases.LoginTestCases">
    <ignored/>
  </testcase> <!-- inValidUsername -->
  <testcase name="inValidPassword" time="0.0" classname="com.hrms.testCases.LoginTestCases">
    <ignored/>
  </testcase> <!-- inValidPassword -->
</testsuite> <!-- Test -->
