<?xml version="1.0" encoding="UTF-8"?>
<!-- Generated by org.testng.reporters.JUnitXMLReporter -->
<testsuite hostname="DESKTOP-RUAD0RO" ignored="3" name="Test" tests="1" failures="0" timestamp="15 Feb 2022 13:27:10 GMT" time="14.924" errors="0">
  <testcase name="validCerdentails" time="5.731" classname="com.hrms.testCases.LoginTestCases"/>
  <testcase name="dataDrivenTest" time="0.0" classname="com.hrms.testCases.LoginTestCases">
    <ignored/>
  </testcase> <!-- dataDrivenTest -->
  <testcase name="inValidUsername" time="0.0" classname="com.hrms.testCases.LoginTestCases">
    <ignored/>
  </testcase> <!-- inValidUsername -->
  <testcase name="inValidPassword" time="0.0" classname="com.hrms.testCases.LoginTestCases">
    <ignored/>
  </testcase> <!-- inValidPassword -->
</testsuite> <!-- Test -->
